<?xml version="1.0" encoding="UTF-8" standalone="yes"?><!DOCTYPE report PUBLIC "-//JACOCO//DTD Report 1.0//EN" "report.dtd"><report name="monprojet"><sessioninfo id="CORSAIRONE-63931df5" start="1525817149928" dump="1525817150662"/><sessioninfo id="CORSAIRONE-adc63cda" start="1525817433762" dump="1525817434503"/><sessioninfo id="CORSAIRONE-f02aedeb" start="1525861767945" dump="1525861768714"/><sessioninfo id="CORSAIRONE-37cbab1c" start="1525862113501" dump="1525862114225"/><sessioninfo id="CORSAIRONE-c9ce9f23" start="1525862662078" dump="1525862662815"/><sessioninfo id="CORSAIRONE-e61f8948" start="1525862673865" dump="1525862674591"/><sessioninfo id="CORSAIRONE-4eb29478" start="1525862977897" dump="1525862978666"/><sessioninfo id="CORSAIRONE-4286252e" start="1525862990265" dump="1525862991005"/><sessioninfo id="CORSAIRONE-d73a187" start="1525892103545" dump="1525892104309"/><sessioninfo id="CORSAIRONE-4a608055" start="1525892491594" dump="1525892492382"/><sessioninfo id="CORSAIRONE-b7b22d8a" start="1525892599537" dump="1525892600312"/><sessioninfo id="CORSAIRONE-aeea7871" start="1525893250300" dump="1525893251046"/><sessioninfo id="CORSAIRONE-2a3be84f" start="1525893301473" dump="1525893302199"/><sessioninfo id="CORSAIRONE-dc77cb49" start="1525893481558" dump="1525893482303"/><sessioninfo id="CORSAIRONE-85a8971" start="1525893528598" dump="1525893529314"/><sessioninfo id="CORSAIRONE-2ff5e6b9" start="1525893563579" dump="1525893564302"/><sessioninfo id="CORSAIRONE-2682b24d" start="1525893618165" dump="1525893618939"/><sessioninfo id="CORSAIRONE-5baccd5f" start="1525893667435" dump="1525893668190"/><sessioninfo id="CORSAIRONE-f366cd40" start="1525893769305" dump="1525893770045"/><sessioninfo id="CORSAIRONE-34bcaaf0" start="1525894016894" dump="1525894017645"/><sessioninfo id="CORSAIRONE-d39301b" start="1525894068423" dump="1525894069154"/><sessioninfo id="CORSAIRONE-5c347160" start="1525894309094" dump="1525894309859"/><sessioninfo id="CORSAIRONE-7af8dc12" start="1525894528032" dump="1525894528776"/><sessioninfo id="CORSAIRONE-2bacb2d1" start="1525894788373" dump="1525894789136"/><sessioninfo id="CORSAIRONE-913ea181" start="1525894858237" dump="1525894859032"/><sessioninfo id="CORSAIRONE-ea088415" start="1525895390934" dump="1525895391698"/><sessioninfo id="CORSAIRONE-fe9869d6" start="1525895842996" dump="1525895843732"/><sessioninfo id="CORSAIRONE-b3801ad9" start="1525896090672" dump="1525896091465"/><sessioninfo id="CORSAIRONE-4f41ec35" start="1525896264681" dump="1525896265433"/><sessioninfo id="CORSAIRONE-86c8a13b" start="1525896275921" dump="1525896276701"/><sessioninfo id="CORSAIRONE-6c57a01a" start="1525896289668" dump="1525896290426"/><sessioninfo id="CORSAIRONE-11f4cb2e" start="1525896536377" dump="1525896537159"/><sessioninfo id="CORSAIRONE-4c750831" start="1525896617642" dump="1525896618398"/><sessioninfo id="CORSAIRONE-48a3e1b9" start="1525896659461" dump="1525896660249"/><sessioninfo id="CORSAIRONE-76fee940" start="1525896682782" dump="1525896683561"/><sessioninfo id="CORSAIRONE-ce853d05" start="1525897459796" dump="1525897460635"/><sessioninfo id="CORSAIRONE-32899235" start="1525897524465" dump="1525897525312"/><sessioninfo id="CORSAIRONE-825e123b" start="1525897596305" dump="1525897597137"/><sessioninfo id="CORSAIRONE-a906949f" start="1525897688437" dump="1525897689257"/><sessioninfo id="CORSAIRONE-f57b04d0" start="1525898021030" dump="1525898021952"/><sessioninfo id="CORSAIRONE-177e0dfc" start="1525903289352" dump="1525903290194"/><sessioninfo id="CORSAIRONE-d70963af" start="1525904136489" dump="1525904137318"/><sessioninfo id="CORSAIRONE-e1fbdffc" start="1525904598424" dump="1525904599260"/><sessioninfo id="CORSAIRONE-d97e2bfe" start="1525904808127" dump="1525904808983"/><sessioninfo id="CORSAIRONE-bdc09eb6" start="1525904997446" dump="1525904998362"/><sessioninfo id="CORSAIRONE-adc9e419" start="1525905188859" dump="1525905189795"/><sessioninfo id="CORSAIRONE-fb88f133" start="1525905374126" dump="1525905375053"/><sessioninfo id="CORSAIRONE-23da26db" start="1525905479019" dump="1525905479974"/><sessioninfo id="CORSAIRONE-94097210" start="1525905529506" dump="1525905530461"/><sessioninfo id="CORSAIRONE-7346f648" start="1525905545274" dump="1525905546234"/><sessioninfo id="CORSAIRONE-90ed20ce" start="1525905572923" dump="1525905573834"/><sessioninfo id="CORSAIRONE-90fa9451" start="1525905649690" dump="1525905650639"/><sessioninfo id="CORSAIRONE-123a7e83" start="1525905775769" dump="1525905776736"/><sessioninfo id="CORSAIRONE-798d7ac6" start="1525905878663" dump="1525905879594"/><sessioninfo id="CORSAIRONE-9ea7fe7e" start="1525905930847" dump="1525905931761"/><sessioninfo id="CORSAIRONE-3cb01976" start="1525905971750" dump="1525905972750"/><sessioninfo id="CORSAIRONE-440a82be" start="1525906045202" dump="1525906046227"/><sessioninfo id="CORSAIRONE-fb10c849" start="1525906091626" dump="1525906092543"/><sessioninfo id="CORSAIRONE-a23bdc28" start="1525906113178" dump="1525906114078"/><sessioninfo id="CORSAIRONE-1099c154" start="1525906324974" dump="1525906325909"/><sessioninfo id="CORSAIRONE-148ae9a1" start="1525906413925" dump="1525906414847"/><sessioninfo id="CORSAIRONE-f6f95e57" start="1525906712496" dump="1525906713440"/><sessioninfo id="CORSAIRONE-66c97f12" start="1525906746859" dump="1525906747804"/><sessioninfo id="CORSAIRONE-32e18b4d" start="1525906764338" dump="1525906765324"/><sessioninfo id="CORSAIRONE-621a6ec3" start="1525906791075" dump="1525906792011"/><sessioninfo id="CORSAIRONE-58931bd4" start="1525906807187" dump="1525906808097"/><sessioninfo id="CORSAIRONE-b2881c26" start="1525906838788" dump="1525906839699"/><sessioninfo id="CORSAIRONE-7a593ae2" start="1525906894683" dump="1525906895600"/><sessioninfo id="CORSAIRONE-3b8c6bd9" start="1525906949683" dump="1525906950597"/><sessioninfo id="CORSAIRONE-e2c24bb2" start="1525907041047" dump="1525907041953"/><sessioninfo id="CORSAIRONE-e42ec511" start="1525954944742" dump="1525954945712"/><sessioninfo id="CORSAIRONE-5e3f8fd4" start="1525955042091" dump="1525955043031"/><sessioninfo id="CORSAIRONE-fe6a32f7" start="1525955169844" dump="1525955170784"/><sessioninfo id="CORSAIRONE-d30d17b8" start="1525955180911" dump="1525955181891"/><sessioninfo id="CORSAIRONE-82eb89b8" start="1525955272706" dump="1525955273666"/><sessioninfo id="CORSAIRONE-9679a5ca" start="1525955315249" dump="1525955316159"/><sessioninfo id="CORSAIRONE-2e261e74" start="1525956378798" dump="1525956379752"/><sessioninfo id="CORSAIRONE-2f3f353e" start="1525956443962" dump="1525956444890"/><sessioninfo id="CORSAIRONE-c22bbe2a" start="1525956518105" dump="1525956519074"/><sessioninfo id="CORSAIRONE-9c041784" start="1525956776134" dump="1525956777050"/><sessioninfo id="CORSAIRONE-b3f12cc5" start="1525957012752" dump="1525957013727"/><sessioninfo id="CORSAIRONE-ff8b4f2c" start="1525957103933" dump="1525957104899"/><sessioninfo id="CORSAIRONE-cc62769d" start="1525957310723" dump="1525957311659"/><sessioninfo id="CORSAIRONE-c159e3b5" start="1525957680904" dump="1525957681832"/><sessioninfo id="CORSAIRONE-2a7d3f41" start="1525957811044" dump="1525957811998"/><sessioninfo id="CORSAIRONE-f224eeda" start="1525957895362" dump="1525957896378"/><sessioninfo id="CORSAIRONE-bf47f547" start="1525957920357" dump="1525957921303"/><sessioninfo id="CORSAIRONE-b0b1b9c1" start="1525991116825" dump="1525991117782"/><sessioninfo id="CORSAIRONE-9da423f3" start="1525991363886" dump="1525991364821"/><sessioninfo id="CORSAIRONE-e78f56b5" start="1525991408687" dump="1525991409620"/><sessioninfo id="CORSAIRONE-b571b1a3" start="1525991487161" dump="1525991488142"/><sessioninfo id="CORSAIRONE-c785ca2d" start="1525992005196" dump="1525992006130"/><sessioninfo id="CORSAIRONE-2301f1e4" start="1525992121668" dump="1525992122583"/><sessioninfo id="CORSAIRONE-fee68387" start="1525992717287" dump="1525992718238"/><sessioninfo id="CORSAIRONE-d78829ce" start="1525992848440" dump="1525992849335"/><sessioninfo id="CORSAIRONE-1f193e7" start="1525992901677" dump="1525992902655"/><sessioninfo id="CORSAIRONE-c96e08e3" start="1525993142898" dump="1525993143848"/><sessioninfo id="CORSAIRONE-8440f13e" start="1525993346348" dump="1525993347267"/><sessioninfo id="CORSAIRONE-c51bd444" start="1525993513765" dump="1525993514752"/><sessioninfo id="CORSAIRONE-571e4f35" start="1525993608305" dump="1525993609296"/><sessioninfo id="CORSAIRONE-5218cbc0" start="1525993706710" dump="1525993707692"/><sessioninfo id="CORSAIRONE-88afb51a" start="1525993805511" dump="1525993806475"/><sessioninfo id="CORSAIRONE-95db9bf7" start="1525993886468" dump="1525993887389"/><sessioninfo id="CORSAIRONE-c917e2ff" start="1525993953020" dump="1525993953970"/><sessioninfo id="CORSAIRONE-158fbe4c" start="1525993984351" dump="1525993985327"/><sessioninfo id="CORSAIRONE-26184d23" start="1525994110974" dump="1525994111925"/><sessioninfo id="CORSAIRONE-d160767f" start="1525994142198" dump="1525994143172"/><sessioninfo id="CORSAIRONE-8887abd8" start="1525994240537" dump="1525994241476"/><sessioninfo id="CORSAIRONE-86dbb551" start="1525994385114" dump="1525994386087"/><sessioninfo id="CORSAIRONE-5a9b1cc3" start="1525994450323" dump="1525994451305"/><sessioninfo id="CORSAIRONE-bf3d4bd7" start="1525994513026" dump="1525994514001"/><sessioninfo id="CORSAIRONE-e0aff3cb" start="1525994562471" dump="1525994563435"/><sessioninfo id="CORSAIRONE-292f2601" start="1525994625349" dump="1525994626341"/><sessioninfo id="CORSAIRONE-f264c031" start="1525994836183" dump="1525994837149"/><sessioninfo id="CORSAIRONE-34070bd9" start="1525994885723" dump="1525994886676"/><sessioninfo id="CORSAIRONE-493021c6" start="1525994914553" dump="1525994915499"/><sessioninfo id="CORSAIRONE-c9de865b" start="1525994939043" dump="1525994940010"/><sessioninfo id="CORSAIRONE-91c427e9" start="1525994973251" dump="1525994974233"/><sessioninfo id="CORSAIRONE-f821645f" start="1525995046578" dump="1525995047531"/><sessioninfo id="CORSAIRONE-25d6e65c" start="1525995070538" dump="1525995071502"/><sessioninfo id="CORSAIRONE-911ece61" start="1525995096835" dump="1525995097789"/><sessioninfo id="CORSAIRONE-c44321d6" start="1525995112824" dump="1525995113779"/><sessioninfo id="CORSAIRONE-d22ae58d" start="1525995144387" dump="1525995145319"/><sessioninfo id="CORSAIRONE-cfe01855" start="1525995165754" dump="1525995166721"/><sessioninfo id="CORSAIRONE-b2056f33" start="1525995306654" dump="1525995307587"/><sessioninfo id="CORSAIRONE-86663b70" start="1525995614923" dump="1525995615860"/><sessioninfo id="CORSAIRONE-eab86c18" start="1525995767266" dump="1525995768172"/><sessioninfo id="CORSAIRONE-ee33e422" start="1525995994823" dump="1525995995757"/><sessioninfo id="CORSAIRONE-6bbbc883" start="1525996054508" dump="1525996055457"/><sessioninfo id="CORSAIRONE-ba012c67" start="1525996229967" dump="1525996230906"/><sessioninfo id="CORSAIRONE-11662d9a" start="1525996247091" dump="1525996248038"/><sessioninfo id="CORSAIRONE-3f4e1938" start="1525996726234" dump="1525996727167"/><sessioninfo id="CORSAIRONE-4b9e9e70" start="1525996855574" dump="1525996856501"/><sessioninfo id="CORSAIRONE-5e0aa685" start="1525998024235" dump="1525998025240"/><sessioninfo id="CORSAIRONE-fe6b2c3d" start="1525998381035" dump="1525998382076"/><sessioninfo id="CORSAIRONE-c31ba69f" start="1525998488282" dump="1525998489252"/><sessioninfo id="CORSAIRONE-b91633d8" start="1525998545972" dump="1525998546949"/><sessioninfo id="CORSAIRONE-e383a80f" start="1525998726996" dump="1525998728071"/><sessioninfo id="CORSAIRONE-dfecd1a5" start="1525998855604" dump="1525998856579"/><sessioninfo id="CORSAIRONE-bbb7a596" start="1525998934665" dump="1525998935655"/><sessioninfo id="CORSAIRONE-59c56c59" start="1525998999945" dump="1525999000925"/><sessioninfo id="CORSAIRONE-4a3eac1b" start="1525999034889" dump="1525999035891"/><sessioninfo id="CORSAIRONE-c6347fba" start="1525999084269" dump="1525999085232"/><sessioninfo id="CORSAIRONE-bcabc5af" start="1525999109778" dump="1525999110783"/><sessioninfo id="CORSAIRONE-759b8586" start="1525999937433" dump="1525999938425"/><sessioninfo id="CORSAIRONE-9426cdc8" start="1526000046338" dump="1526000047343"/><package name=""><class name="Main"><method name="&lt;init&gt;" desc="()V" line="1"><counter type="INSTRUCTION" missed="3" covered="0"/><counter type="LINE" missed="1" covered="0"/><counter type="COMPLEXITY" missed="1" covered="0"/><counter type="METHOD" missed="1" covered="0"/></method><method name="main" desc="([Ljava/lang/String;)V" line="5"><counter type="INSTRUCTION" missed="1" covered="0"/><counter type="LINE" missed="1" covered="0"/><counter type="COMPLEXITY" missed="1" covered="0"/><counter type="METHOD" missed="1" covered="0"/></method><counter type="INSTRUCTION" missed="4" covered="0"/><counter type="LINE" missed="2" covered="0"/><counter type="COMPLEXITY" missed="2" covered="0"/><counter type="METHOD" missed="2" covered="0"/><counter type="CLASS" missed="1" covered="0"/></class><sourcefile name="Main.java"><line nr="1" mi="3" ci="0" mb="0" cb="0"/><line nr="5" mi="1" ci="0" mb="0" cb="0"/><counter type="INSTRUCTION" missed="4" covered="0"/><counter type="LINE" missed="2" covered="0"/><counter type="COMPLEXITY" missed="2" covered="0"/><counter type="METHOD" missed="2" covered="0"/><counter type="CLASS" missed="1" covered="0"/></sourcefile><counter type="INSTRUCTION" missed="4" covered="0"/><counter type="LINE" missed="2" covered="0"/><counter type="COMPLEXITY" missed="2" covered="0"/><counter type="METHOD" missed="2" covered="0"/><counter type="CLASS" missed="1" covered="0"/></package><package name="outils"><class name="outils/Validation"><method name="&lt;init&gt;" desc="()V" line="6"><counter type="INSTRUCTION" missed="3" covered="0"/><counter type="LINE" missed="1" covered="0"/><counter type="COMPLEXITY" missed="1" covered="0"/><counter type="METHOD" missed="1" covered="0"/></method><method name="isIntValid" desc="(Ljava/lang/String;)Z" line="13"><counter type="INSTRUCTION" missed="9" covered="0"/><counter type="LINE" missed="2" covered="0"/><counter type="COMPLEXITY" missed="1" covered="0"/><counter type="METHOD" missed="1" covered="0"/></method><method name="isDoubleValid" desc="(Ljava/lang/String;)Z" line="19"><counter type="INSTRUCTION" missed="9" covered="0"/><counter type="LINE" missed="2" covered="0"/><counter type="COMPLEXITY" missed="1" covered="0"/><counter type="METHOD" missed="1" covered="0"/></method><counter type="INSTRUCTION" missed="21" covered="0"/><counter type="LINE" missed="5" covered="0"/><counter type="COMPLEXITY" missed="3" covered="0"/><counter type="METHOD" missed="3" covered="0"/><counter type="CLASS" missed="1" covered="0"/></class><class name="outils/FileStr"><method name="&lt;init&gt;" desc="()V" line="17"><counter type="INSTRUCTION" missed="0" covered="3"/><counter type="LINE" missed="0" covered="1"/><counter type="COMPLEXITY" missed="0" covered="1"/><counter type="METHOD" missed="0" covered="1"/></method><method name="read" desc="(Ljava/lang/String;)[Ljava/lang/String;" line="23"><counter type="INSTRUCTION" missed="63" covered="5"/><counter type="BRANCH" missed="4" covered="0"/><counter type="LINE" missed="13" covered="2"/><counter type="COMPLEXITY" missed="2" covered="1"/><counter type="METHOD" missed="0" covered="1"/></method><method name="write" desc="(Ljava/lang/String;[Ljava/lang/String;)V" line="46"><counter type="INSTRUCTION" missed="44" covered="0"/><counter type="BRANCH" missed="2" covered="0"/><counter type="LINE" missed="10" covered="0"/><counter type="COMPLEXITY" missed="2" covered="0"/><counter type="METHOD" missed="1" covered="0"/></method><counter type="INSTRUCTION" missed="107" covered="8"/><counter type="BRANCH" missed="6" covered="0"/><counter type="LINE" missed="23" covered="3"/><counter type="COMPLEXITY" missed="4" covered="2"/><counter type="METHOD" missed="1" covered="2"/><counter type="CLASS" missed="0" covered="1"/></class><sourcefile name="Validation.java"><line nr="6" mi="3" ci="0" mb="0" cb="0"/><line nr="13" mi="7" ci="0" mb="0" cb="0"/><line nr="14" mi="2" ci="0" mb="0" cb="0"/><line nr="19" mi="7" ci="0" mb="0" cb="0"/><line nr="20" mi="2" ci="0" mb="0" cb="0"/><counter type="INSTRUCTION" missed="21" covered="0"/><counter type="LINE" missed="5" covered="0"/><counter type="COMPLEXITY" missed="3" covered="0"/><counter type="METHOD" missed="3" covered="0"/><counter type="CLASS" missed="1" covered="0"/></sourcefile><sourcefile name="FileStr.java"><line nr="17" mi="0" ci="3" mb="0" cb="0"/><line nr="23" mi="8" ci="0" mb="0" cb="0"/><line nr="24" mi="6" ci="0" mb="0" cb="0"/><line nr="25" mi="3" ci="0" mb="0" cb="0"/><line nr="26" mi="3" ci="0" mb="2" cb="0"/><line nr="27" mi="5" ci="0" mb="0" cb="0"/><line nr="28" mi="4" ci="0" mb="0" cb="0"/><line nr="30" mi="2" ci="0" mb="0" cb="0"/><line nr="31" mi="7" ci="0" mb="0" cb="0"/><line nr="32" mi="3" ci="0" mb="0" cb="0"/><line nr="33" mi="3" ci="0" mb="0" cb="0"/><line nr="34" mi="12" ci="0" mb="2" cb="0"/><line nr="35" mi="2" ci="0" mb="0" cb="0"/><line nr="36" mi="0" ci="1" mb="0" cb="0"/><line nr="37" mi="0" ci="4" mb="0" cb="0"/><line nr="38" mi="5" ci="0" mb="0" cb="0"/><line nr="46" mi="10" ci="0" mb="0" cb="0"/><line nr="47" mi="8" ci="0" mb="2" cb="0"/><line nr="48" mi="10" ci="0" mb="0" cb="0"/><line nr="49" mi="5" ci="0" mb="0" cb="0"/><line nr="51" mi="2" ci="0" mb="0" cb="0"/><line nr="52" mi="1" ci="0" mb="0" cb="0"/><line nr="53" mi="2" ci="0" mb="0" cb="0"/><line nr="54" mi="3" ci="0" mb="0" cb="0"/><line nr="55" mi="2" ci="0" mb="0" cb="0"/><line nr="56" mi="1" ci="0" mb="0" cb="0"/><counter type="INSTRUCTION" missed="107" covered="8"/><counter type="BRANCH" missed="6" covered="0"/><counter type="LINE" missed="23" covered="3"/><counter type="COMPLEXITY" missed="4" covered="2"/><counter type="METHOD" missed="1" covered="2"/><counter type="CLASS" missed="0" covered="1"/></sourcefile><counter type="INSTRUCTION" missed="128" covered="8"/><counter type="BRANCH" missed="6" covered="0"/><counter type="LINE" missed="28" covered="3"/><counter type="COMPLEXITY" missed="7" covered="2"/><counter type="METHOD" missed="4" covered="2"/><counter type="CLASS" missed="1" covered="1"/></package><package name="dao"><class name="dao/AthleteDao"><method name="&lt;init&gt;" desc="(Ldao/FileReader;)V" line="14"><counter type="INSTRUCTION" missed="0" covered="6"/><counter type="LINE" missed="0" covered="1"/><counter type="COMPLEXITY" missed="0" covered="1"/><counter type="METHOD" missed="0" covered="1"/></method><method name="getListeAthletes" desc="(Ldomaine/Pays;Ldomaine/Sport;)Ljava/util/ArrayList;" line="18"><counter type="INSTRUCTION" missed="0" covered="63"/><counter type="BRANCH" missed="0" covered="6"/><counter type="LINE" missed="0" covered="8"/><counter type="COMPLEXITY" missed="0" covered="4"/><counter type="METHOD" missed="0" covered="1"/></method><counter type="INSTRUCTION" missed="0" covered="69"/><counter type="BRANCH" missed="0" covered="6"/><counter type="LINE" missed="0" covered="9"/><counter type="COMPLEXITY" missed="0" covered="5"/><counter type="METHOD" missed="0" covered="2"/><counter type="CLASS" missed="0" covered="1"/></class><class name="dao/FileReader"><method name="&lt;init&gt;" desc="()V" line="5"><counter type="INSTRUCTION" missed="0" covered="8"/><counter type="LINE" missed="0" covered="2"/><counter type="COMPLEXITY" missed="0" covered="1"/><counter type="METHOD" missed="0" covered="1"/></method><method name="readPays" desc="()[Ljava/lang/String;" line="14"><counter type="INSTRUCTION" missed="5" covered="0"/><counter type="LINE" missed="1" covered="0"/><counter type="COMPLEXITY" missed="1" covered="0"/><counter type="METHOD" missed="1" covered="0"/></method><method name="readSports" desc="()[Ljava/lang/String;" line="15"><counter type="INSTRUCTION" missed="5" covered="0"/><counter type="LINE" missed="1" covered="0"/><counter type="COMPLEXITY" missed="1" covered="0"/><counter type="METHOD" missed="1" covered="0"/></method><method name="readAthletes" desc="()[Ljava/lang/String;" line="16"><counter type="INSTRUCTION" missed="5" covered="0"/><counter type="LINE" missed="1" covered="0"/><counter type="COMPLEXITY" missed="1" covered="0"/><counter type="METHOD" missed="1" covered="0"/></method><counter type="INSTRUCTION" missed="15" covered="8"/><counter type="LINE" missed="3" covered="2"/><counter type="COMPLEXITY" missed="3" covered="1"/><counter type="METHOD" missed="3" covered="1"/><counter type="CLASS" missed="0" covered="1"/></class><class name="dao/SportDao"><method name="&lt;init&gt;" desc="(Ldao/FileReader;)V" line="14"><counter type="INSTRUCTION" missed="0" covered="6"/><counter type="LINE" missed="0" covered="1"/><counter type="COMPLEXITY" missed="0" covered="1"/><counter type="METHOD" missed="0" covered="1"/></method><method name="getListeSports" desc="()Ljava/util/List;" line="18"><counter type="INSTRUCTION" missed="0" covered="39"/><counter type="BRANCH" missed="0" covered="2"/><counter type="LINE" missed="0" covered="6"/><counter type="COMPLEXITY" missed="0" covered="2"/><counter type="METHOD" missed="0" covered="1"/></method><counter type="INSTRUCTION" missed="0" covered="45"/><counter type="BRANCH" missed="0" covered="2"/><counter type="LINE" missed="0" covered="7"/><counter type="COMPLEXITY" missed="0" covered="3"/><counter type="METHOD" missed="0" covered="2"/><counter type="CLASS" missed="0" covered="1"/></class><class name="dao/PaysDao"><method name="&lt;init&gt;" desc="(Ldao/FileReader;)V" line="12"><counter type="INSTRUCTION" missed="0" covered="6"/><counter type="LINE" missed="0" covered="1"/><counter type="COMPLEXITY" missed="0" covered="1"/><counter type="METHOD" missed="0" covered="1"/></method><method name="getListePays" desc="()Ljava/util/ArrayList;" line="15"><counter type="INSTRUCTION" missed="0" covered="39"/><counter type="BRANCH" missed="0" covered="2"/><counter type="LINE" missed="0" covered="6"/><counter type="COMPLEXITY" missed="0" covered="2"/><counter type="METHOD" missed="0" covered="1"/></method><counter type="INSTRUCTION" missed="0" covered="45"/><counter type="BRANCH" missed="0" covered="2"/><counter type="LINE" missed="0" covered="7"/><counter type="COMPLEXITY" missed="0" covered="3"/><counter type="METHOD" missed="0" covered="2"/><counter type="CLASS" missed="0" covered="1"/></class><sourcefile name="PaysDao.java"><line nr="12" mi="0" ci="6" mb="0" cb="0"/><line nr="15" mi="0" ci="4" mb="0" cb="0"/><line nr="16" mi="0" ci="4" mb="0" cb="0"/><line nr="17" mi="0" ci="8" mb="0" cb="2"/><line nr="18" mi="0" ci="8" mb="0" cb="0"/><line nr="19" mi="0" ci="13" mb="0" cb="0"/><line nr="21" mi="0" ci="2" mb="0" cb="0"/><counter type="INSTRUCTION" missed="0" covered="45"/><counter type="BRANCH" missed="0" covered="2"/><counter type="LINE" missed="0" covered="7"/><counter type="COMPLEXITY" missed="0" covered="3"/><counter type="METHOD" missed="0" covered="2"/><counter type="CLASS" missed="0" covered="1"/></sourcefile><sourcefile name="SportDao.java"><line nr="14" mi="0" ci="6" mb="0" cb="0"/><line nr="18" mi="0" ci="4" mb="0" cb="0"/><line nr="19" mi="0" ci="4" mb="0" cb="0"/><line nr="21" mi="0" ci="8" mb="0" cb="2"/><line nr="22" mi="0" ci="8" mb="0" cb="0"/><line nr="23" mi="0" ci="13" mb="0" cb="0"/><line nr="25" mi="0" ci="2" mb="0" cb="0"/><counter type="INSTRUCTION" missed="0" covered="45"/><counter type="BRANCH" missed="0" covered="2"/><counter type="LINE" missed="0" covered="7"/><counter type="COMPLEXITY" missed="0" covered="3"/><counter type="METHOD" missed="0" covered="2"/><counter type="CLASS" missed="0" covered="1"/></sourcefile><sourcefile name="AthleteDao.java"><line nr="14" mi="0" ci="6" mb="0" cb="0"/><line nr="18" mi="0" ci="4" mb="0" cb="0"/><line nr="19" mi="0" ci="4" mb="0" cb="0"/><line nr="21" mi="0" ci="8" mb="0" cb="2"/><line nr="22" mi="0" ci="8" mb="0" cb="0"/><line nr="23" mi="0" ci="7" mb="0" cb="0"/><line nr="24" mi="0" ci="7" mb="0" cb="0"/><line nr="25" mi="0" ci="23" mb="0" cb="4"/><line nr="27" mi="0" ci="2" mb="0" cb="0"/><counter type="INSTRUCTION" missed="0" covered="69"/><counter type="BRANCH" missed="0" covered="6"/><counter type="LINE" missed="0" covered="9"/><counter type="COMPLEXITY" missed="0" covered="5"/><counter type="METHOD" missed="0" covered="2"/><counter type="CLASS" missed="0" covered="1"/></sourcefile><sourcefile name="FileReader.java"><line nr="5" mi="0" ci="2" mb="0" cb="0"/><line nr="7" mi="0" ci="6" mb="0" cb="0"/><line nr="14" mi="5" ci="0" mb="0" cb="0"/><line nr="15" mi="5" ci="0" mb="0" cb="0"/><line nr="16" mi="5" ci="0" mb="0" cb="0"/><counter type="INSTRUCTION" missed="15" covered="8"/><counter type="LINE" missed="3" covered="2"/><counter type="COMPLEXITY" missed="3" covered="1"/><counter type="METHOD" missed="3" covered="1"/><counter type="CLASS" missed="0" covered="1"/></sourcefile><counter type="INSTRUCTION" missed="15" covered="167"/><counter type="BRANCH" missed="0" covered="10"/><counter type="LINE" missed="3" covered="25"/><counter type="COMPLEXITY" missed="3" covered="12"/><counter type="METHOD" missed="3" covered="7"/><counter type="CLASS" missed="0" covered="4"/></package><package name="domaine"><class name="domaine/Pays"><method name="&lt;init&gt;" desc="(ILjava/lang/String;Ljava/lang/String;)V" line="8"><counter type="INSTRUCTION" missed="0" covered="12"/><counter type="LINE" missed="0" covered="1"/><counter type="COMPLEXITY" missed="0" covered="1"/><counter type="METHOD" missed="0" covered="1"/></method><method name="&lt;init&gt;" desc="(I)V" line="9"><counter type="INSTRUCTION" missed="0" covered="6"/><counter type="LINE" missed="0" covered="1"/><counter type="COMPLEXITY" missed="0" covered="1"/><counter type="METHOD" missed="0" covered="1"/></method><method name="&lt;init&gt;" desc="()V" line="10"><counter type="INSTRUCTION" missed="0" covered="3"/><counter type="LINE" missed="0" covered="1"/><counter type="COMPLEXITY" missed="0" covered="1"/><counter type="METHOD" missed="0" covered="1"/></method><method name="getNo" desc="()I" line="12"><counter type="INSTRUCTION" missed="0" covered="3"/><counter type="LINE" missed="0" covered="1"/><counter type="COMPLEXITY" missed="0" covered="1"/><counter type="METHOD" missed="0" covered="1"/></method><method name="getCode" desc="()Ljava/lang/String;" line="13"><counter type="INSTRUCTION" missed="0" covered="3"/><counter type="LINE" missed="0" covered="1"/><counter type="COMPLEXITY" missed="0" covered="1"/><counter type="METHOD" missed="0" covered="1"/></method><method name="getNom" desc="()Ljava/lang/String;" line="14"><counter type="INSTRUCTION" missed="0" covered="3"/><counter type="LINE" missed="0" covered="1"/><counter type="COMPLEXITY" missed="0" covered="1"/><counter type="METHOD" missed="0" covered="1"/></method><method name="setNo" desc="(I)V" line="16"><counter type="INSTRUCTION" missed="0" covered="4"/><counter type="LINE" missed="0" covered="1"/><counter type="COMPLEXITY" missed="0" covered="1"/><counter type="METHOD" missed="0" covered="1"/></method><method name="setCode" desc="(Ljava/lang/String;)V" line="17"><counter type="INSTRUCTION" missed="0" covered="4"/><counter type="LINE" missed="0" covered="1"/><counter type="COMPLEXITY" missed="0" covered="1"/><counter type="METHOD" missed="0" covered="1"/></method><method name="setNom" desc="(Ljava/lang/String;)V" line="18"><counter type="INSTRUCTION" missed="0" covered="4"/><counter type="LINE" missed="0" covered="1"/><counter type="COMPLEXITY" missed="0" covered="1"/><counter type="METHOD" missed="0" covered="1"/></method><method name="setPays" desc="(ILjava/lang/String;Ljava/lang/String;)V" line="19"><counter type="INSTRUCTION" missed="0" covered="10"/><counter type="LINE" missed="0" covered="1"/><counter type="COMPLEXITY" missed="0" covered="1"/><counter type="METHOD" missed="0" covered="1"/></method><method name="equals" desc="(Ljava/lang/Object;)Z" line="21"><counter type="INSTRUCTION" missed="0" covered="10"/><counter type="BRANCH" missed="0" covered="2"/><counter type="LINE" missed="0" covered="1"/><counter type="COMPLEXITY" missed="0" covered="2"/><counter type="METHOD" missed="0" covered="1"/></method><method name="toString" desc="()Ljava/lang/String;" line="22"><counter type="INSTRUCTION" missed="0" covered="3"/><counter type="LINE" missed="0" covered="1"/><counter type="COMPLEXITY" missed="0" covered="1"/><counter type="METHOD" missed="0" covered="1"/></method><counter type="INSTRUCTION" missed="0" covered="65"/><counter type="BRANCH" missed="0" covered="2"/><counter type="LINE" missed="0" covered="12"/><counter type="COMPLEXITY" missed="0" covered="13"/><counter type="METHOD" missed="0" covered="12"/><counter type="CLASS" missed="0" covered="1"/></class><class name="domaine/Athlete"><method name="&lt;init&gt;" desc="(ILjava/lang/String;Ljava/lang/String;Ldomaine/Pays;Ldomaine/Sport;)V" line="10"><counter type="INSTRUCTION" missed="0" covered="18"/><counter type="LINE" missed="0" covered="1"/><counter type="COMPLEXITY" missed="0" covered="1"/><counter type="METHOD" missed="0" covered="1"/></method><method name="getNo" desc="()I" line="12"><counter type="INSTRUCTION" missed="0" covered="3"/><counter type="LINE" missed="0" covered="1"/><counter type="COMPLEXITY" missed="0" covered="1"/><counter type="METHOD" missed="0" covered="1"/></method><method name="getPrenom" desc="()Ljava/lang/String;" line="13"><counter type="INSTRUCTION" missed="0" covered="3"/><counter type="LINE" missed="0" covered="1"/><counter type="COMPLEXITY" missed="0" covered="1"/><counter type="METHOD" missed="0" covered="1"/></method><method name="getNom" desc="()Ljava/lang/String;" line="14"><counter type="INSTRUCTION" missed="0" covered="3"/><counter type="LINE" missed="0" covered="1"/><counter type="COMPLEXITY" missed="0" covered="1"/><counter type="METHOD" missed="0" covered="1"/></method><method name="getPays" desc="()Ldomaine/Pays;" line="15"><counter type="INSTRUCTION" missed="0" covered="3"/><counter type="LINE" missed="0" covered="1"/><counter type="COMPLEXITY" missed="0" covered="1"/><counter type="METHOD" missed="0" covered="1"/></method><method name="getSport" desc="()Ldomaine/Sport;" line="16"><counter type="INSTRUCTION" missed="0" covered="3"/><counter type="LINE" missed="0" covered="1"/><counter type="COMPLEXITY" missed="0" covered="1"/><counter type="METHOD" missed="0" covered="1"/></method><method name="equals" desc="(Ljava/lang/Object;)Z" line="18"><counter type="INSTRUCTION" missed="0" covered="10"/><counter type="BRANCH" missed="0" covered="2"/><counter type="LINE" missed="0" covered="1"/><counter type="COMPLEXITY" missed="0" covered="2"/><counter type="METHOD" missed="0" covered="1"/></method><method name="toString" desc="()Ljava/lang/String;" line="19"><counter type="INSTRUCTION" missed="0" covered="13"/><counter type="LINE" missed="0" covered="1"/><counter type="COMPLEXITY" missed="0" covered="1"/><counter type="METHOD" missed="0" covered="1"/></method><counter type="INSTRUCTION" missed="0" covered="56"/><counter type="BRANCH" missed="0" covered="2"/><counter type="LINE" missed="0" covered="8"/><counter type="COMPLEXITY" missed="0" covered="9"/><counter type="METHOD" missed="0" covered="8"/><counter type="CLASS" missed="0" covered="1"/></class><class name="domaine/Sport"><method name="&lt;init&gt;" desc="(ILjava/lang/String;Ljava/lang/String;)V" line="7"><counter type="INSTRUCTION" missed="0" covered="12"/><counter type="LINE" missed="0" covered="1"/><counter type="COMPLEXITY" missed="0" covered="1"/><counter type="METHOD" missed="0" covered="1"/></method><method name="&lt;init&gt;" desc="(I)V" line="8"><counter type="INSTRUCTION" missed="0" covered="6"/><counter type="LINE" missed="0" covered="1"/><counter type="COMPLEXITY" missed="0" covered="1"/><counter type="METHOD" missed="0" covered="1"/></method><method name="&lt;init&gt;" desc="()V" line="9"><counter type="INSTRUCTION" missed="0" covered="3"/><counter type="LINE" missed="0" covered="1"/><counter type="COMPLEXITY" missed="0" covered="1"/><counter type="METHOD" missed="0" covered="1"/></method><method name="getNo" desc="()I" line="11"><counter type="INSTRUCTION" missed="0" covered="3"/><counter type="LINE" missed="0" covered="1"/><counter type="COMPLEXITY" missed="0" covered="1"/><counter type="METHOD" missed="0" covered="1"/></method><method name="getCategorie" desc="()Ljava/lang/String;" line="12"><counter type="INSTRUCTION" missed="0" covered="3"/><counter type="LINE" missed="0" covered="1"/><counter type="COMPLEXITY" missed="0" covered="1"/><counter type="METHOD" missed="0" covered="1"/></method><method name="equals" desc="(Ljava/lang/Object;)Z" line="14"><counter type="INSTRUCTION" missed="0" covered="10"/><counter type="BRANCH" missed="0" covered="2"/><counter type="LINE" missed="0" covered="1"/><counter type="COMPLEXITY" missed="0" covered="2"/><counter type="METHOD" missed="0" covered="1"/></method><method name="toString" desc="()Ljava/lang/String;" line="15"><counter type="INSTRUCTION" missed="0" covered="3"/><counter type="LINE" missed="0" covered="1"/><counter type="COMPLEXITY" missed="0" covered="1"/><counter type="METHOD" missed="0" covered="1"/></method><counter type="INSTRUCTION" missed="0" covered="40"/><counter type="BRANCH" missed="0" covered="2"/><counter type="LINE" missed="0" covered="7"/><counter type="COMPLEXITY" missed="0" covered="8"/><counter type="METHOD" missed="0" covered="7"/><counter type="CLASS" missed="0" covered="1"/></class><class name="domaine/Contrat"><method name="&lt;init&gt;" desc="(ILjava/lang/String;)V" line="9"><counter type="INSTRUCTION" missed="0" covered="19"/><counter type="LINE" missed="0" covered="2"/><counter type="COMPLEXITY" missed="0" covered="1"/><counter type="METHOD" missed="0" covered="1"/></method><method name="getNo" desc="()I" line="13"><counter type="INSTRUCTION" missed="0" covered="3"/><counter type="LINE" missed="0" covered="1"/><counter type="COMPLEXITY" missed="0" covered="1"/><counter type="METHOD" missed="0" covered="1"/></method><method name="getDateMois" desc="()I" line="14"><counter type="INSTRUCTION" missed="0" covered="3"/><counter type="LINE" missed="0" covered="1"/><counter type="COMPLEXITY" missed="0" covered="1"/><counter type="METHOD" missed="0" covered="1"/></method><method name="getNom" desc="()Ljava/lang/String;" line="15"><counter type="INSTRUCTION" missed="0" covered="3"/><counter type="LINE" missed="0" covered="1"/><counter type="COMPLEXITY" missed="0" covered="1"/><counter type="METHOD" missed="0" covered="1"/></method><method name="toString" desc="()Ljava/lang/String;" line="17"><counter type="INSTRUCTION" missed="0" covered="3"/><counter type="LINE" missed="0" covered="1"/><counter type="COMPLEXITY" missed="0" covered="1"/><counter type="METHOD" missed="0" covered="1"/></method><counter type="INSTRUCTION" missed="0" covered="31"/><counter type="LINE" missed="0" covered="6"/><counter type="COMPLEXITY" missed="0" covered="5"/><counter type="METHOD" missed="0" covered="5"/><counter type="CLASS" missed="0" covered="1"/></class><sourcefile name="Pays.java"><line nr="8" mi="0" ci="12" mb="0" cb="0"/><line nr="9" mi="0" ci="6" mb="0" cb="0"/><line nr="10" mi="0" ci="3" mb="0" cb="0"/><line nr="12" mi="0" ci="3" mb="0" cb="0"/><line nr="13" mi="0" ci="3" mb="0" cb="0"/><line nr="14" mi="0" ci="3" mb="0" cb="0"/><line nr="16" mi="0" ci="4" mb="0" cb="0"/><line nr="17" mi="0" ci="4" mb="0" cb="0"/><line nr="18" mi="0" ci="4" mb="0" cb="0"/><line nr="19" mi="0" ci="10" mb="0" cb="0"/><line nr="21" mi="0" ci="10" mb="0" cb="2"/><line nr="22" mi="0" ci="3" mb="0" cb="0"/><counter type="INSTRUCTION" missed="0" covered="65"/><counter type="BRANCH" missed="0" covered="2"/><counter type="LINE" missed="0" covered="12"/><counter type="COMPLEXITY" missed="0" covered="13"/><counter type="METHOD" missed="0" covered="12"/><counter type="CLASS" missed="0" covered="1"/></sourcefile><sourcefile name="Sport.java"><line nr="7" mi="0" ci="12" mb="0" cb="0"/><line nr="8" mi="0" ci="6" mb="0" cb="0"/><line nr="9" mi="0" ci="3" mb="0" cb="0"/><line nr="11" mi="0" ci="3" mb="0" cb="0"/><line nr="12" mi="0" ci="3" mb="0" cb="0"/><line nr="14" mi="0" ci="10" mb="0" cb="2"/><line nr="15" mi="0" ci="3" mb="0" cb="0"/><counter type="INSTRUCTION" missed="0" covered="40"/><counter type="BRANCH" missed="0" covered="2"/><counter type="LINE" missed="0" covered="7"/><counter type="COMPLEXITY" missed="0" covered="8"/><counter type="METHOD" missed="0" covered="7"/><counter type="CLASS" missed="0" covered="1"/></sourcefile><sourcefile name="Contrat.java"><line nr="9" mi="0" ci="5" mb="0" cb="0"/><line nr="11" mi="0" ci="14" mb="0" cb="0"/><line nr="13" mi="0" ci="3" mb="0" cb="0"/><line nr="14" mi="0" ci="3" mb="0" cb="0"/><line nr="15" mi="0" ci="3" mb="0" cb="0"/><line nr="17" mi="0" ci="3" mb="0" cb="0"/><counter type="INSTRUCTION" missed="0" covered="31"/><counter type="LINE" missed="0" covered="6"/><counter type="COMPLEXITY" missed="0" covered="5"/><counter type="METHOD" missed="0" covered="5"/><counter type="CLASS" missed="0" covered="1"/></sourcefile><sourcefile name="Athlete.java"><line nr="10" mi="0" ci="18" mb="0" cb="0"/><line nr="12" mi="0" ci="3" mb="0" cb="0"/><line nr="13" mi="0" ci="3" mb="0" cb="0"/><line nr="14" mi="0" ci="3" mb="0" cb="0"/><line nr="15" mi="0" ci="3" mb="0" cb="0"/><line nr="16" mi="0" ci="3" mb="0" cb="0"/><line nr="18" mi="0" ci="10" mb="0" cb="2"/><line nr="19" mi="0" ci="13" mb="0" cb="0"/><counter type="INSTRUCTION" missed="0" covered="56"/><counter type="BRANCH" missed="0" covered="2"/><counter type="LINE" missed="0" covered="8"/><counter type="COMPLEXITY" missed="0" covered="9"/><counter type="METHOD" missed="0" covered="8"/><counter type="CLASS" missed="0" covered="1"/></sourcefile><counter type="INSTRUCTION" missed="0" covered="192"/><counter type="BRANCH" missed="0" covered="6"/><counter type="LINE" missed="0" covered="33"/><counter type="COMPLEXITY" missed="0" covered="35"/><counter type="METHOD" missed="0" covered="32"/><counter type="CLASS" missed="0" covered="4"/></package><package name="vue"><class name="vue/LstAthletesObserver"><method name="&lt;init&gt;" desc="(Ljava/awt/List;)V" line="21"><counter type="INSTRUCTION" missed="0" covered="6"/><counter type="LINE" missed="0" covered="3"/><counter type="COMPLEXITY" missed="0" covered="1"/><counter type="METHOD" missed="0" covered="1"/></method><method name="update" desc="(Ljava/util/Observable;Ljava/lang/Object;)V" line="27"><counter type="INSTRUCTION" missed="24" covered="11"/><counter type="BRANCH" missed="4" covered="2"/><counter type="LINE" missed="4" covered="3"/><counter type="COMPLEXITY" missed="3" covered="1"/><counter type="METHOD" missed="0" covered="1"/></method><counter type="INSTRUCTION" missed="24" covered="17"/><counter type="BRANCH" missed="4" covered="2"/><counter type="LINE" missed="4" covered="6"/><counter type="COMPLEXITY" missed="3" covered="2"/><counter type="METHOD" missed="0" covered="2"/><counter type="CLASS" missed="0" covered="1"/></class><class name="vue/FrmMain$3"><method name="&lt;init&gt;" desc="(Lvue/FrmMain;)V" line="67"><counter type="INSTRUCTION" missed="6" covered="0"/><counter type="LINE" missed="1" covered="0"/><counter type="COMPLEXITY" missed="1" covered="0"/><counter type="METHOD" missed="1" covered="0"/></method><method name="itemStateChanged" desc="(Ljava/awt/event/ItemEvent;)V" line="69"><counter type="INSTRUCTION" missed="5" covered="0"/><counter type="LINE" missed="2" covered="0"/><counter type="COMPLEXITY" missed="1" covered="0"/><counter type="METHOD" missed="1" covered="0"/></method><counter type="INSTRUCTION" missed="11" covered="0"/><counter type="LINE" missed="3" covered="0"/><counter type="COMPLEXITY" missed="2" covered="0"/><counter type="METHOD" missed="2" covered="0"/><counter type="CLASS" missed="1" covered="0"/></class><class name="vue/FrmMain$4"><method name="&lt;init&gt;" desc="(Lvue/FrmMain;)V" line="74"><counter type="INSTRUCTION" missed="6" covered="0"/><counter type="LINE" missed="1" covered="0"/><counter type="COMPLEXITY" missed="1" covered="0"/><counter type="METHOD" missed="1" covered="0"/></method><method name="itemStateChanged" desc="(Ljava/awt/event/ItemEvent;)V" line="76"><counter type="INSTRUCTION" missed="5" covered="0"/><counter type="LINE" missed="2" covered="0"/><counter type="COMPLEXITY" missed="1" covered="0"/><counter type="METHOD" missed="1" covered="0"/></method><counter type="INSTRUCTION" missed="11" covered="0"/><counter type="LINE" missed="3" covered="0"/><counter type="COMPLEXITY" missed="2" covered="0"/><counter type="METHOD" missed="2" covered="0"/><counter type="CLASS" missed="1" covered="0"/></class><class name="vue/FrmMain$1"><method name="&lt;init&gt;" desc="(Lvue/FrmMain;)V" line="43"><counter type="INSTRUCTION" missed="6" covered="0"/><counter type="LINE" missed="1" covered="0"/><counter type="COMPLEXITY" missed="1" covered="0"/><counter type="METHOD" missed="1" covered="0"/></method><method name="windowClosed" desc="(Ljava/awt/event/WindowEvent;)V" line="45"><counter type="INSTRUCTION" missed="5" covered="0"/><counter type="LINE" missed="2" covered="0"/><counter type="COMPLEXITY" missed="1" covered="0"/><counter type="METHOD" missed="1" covered="0"/></method><method name="windowClosing" desc="(Ljava/awt/event/WindowEvent;)V" line="48"><counter type="INSTRUCTION" missed="5" covered="0"/><counter type="LINE" missed="2" covered="0"/><counter type="COMPLEXITY" missed="1" covered="0"/><counter type="METHOD" missed="1" covered="0"/></method><counter type="INSTRUCTION" missed="16" covered="0"/><counter type="LINE" missed="5" covered="0"/><counter type="COMPLEXITY" missed="3" covered="0"/><counter type="METHOD" missed="3" covered="0"/><counter type="CLASS" missed="1" covered="0"/></class><class name="vue/FrmMain"><method name="&lt;init&gt;" desc="()V" line="11"><counter type="INSTRUCTION" missed="28" covered="0"/><counter type="LINE" missed="9" covered="0"/><counter type="COMPLEXITY" missed="1" covered="0"/><counter type="METHOD" missed="1" covered="0"/></method><method name="initObservers" desc="()V" line="23"><counter type="INSTRUCTION" missed="41" covered="0"/><counter type="LINE" missed="5" covered="0"/><counter type="COMPLEXITY" missed="1" covered="0"/><counter type="METHOD" missed="1" covered="0"/></method><method name="initComponents" desc="()V" line="33"><counter type="INSTRUCTION" missed="286" covered="0"/><counter type="LINE" missed="67" covered="0"/><counter type="COMPLEXITY" missed="1" covered="0"/><counter type="METHOD" missed="1" covered="0"/></method><method name="formWindowClosing" desc="(Ljava/awt/event/WindowEvent;)V" line="134"><counter type="INSTRUCTION" missed="3" covered="0"/><counter type="LINE" missed="2" covered="0"/><counter type="COMPLEXITY" missed="1" covered="0"/><counter type="METHOD" missed="1" covered="0"/></method><method name="formWindowClosed" desc="(Ljava/awt/event/WindowEvent;)V" line="137"><counter type="INSTRUCTION" missed="3" covered="0"/><counter type="LINE" missed="2" covered="0"/><counter type="COMPLEXITY" missed="1" covered="0"/><counter type="METHOD" missed="1" covered="0"/></method><method name="lstPaysItemStateChanged" desc="(Ljava/awt/event/ItemEvent;)V" line="141"><counter type="INSTRUCTION" missed="9" covered="0"/><counter type="LINE" missed="3" covered="0"/><counter type="COMPLEXITY" missed="1" covered="0"/><counter type="METHOD" missed="1" covered="0"/></method><method name="lstSportsItemStateChanged" desc="(Ljava/awt/event/ItemEvent;)V" line="146"><counter type="INSTRUCTION" missed="9" covered="0"/><counter type="LINE" missed="3" covered="0"/><counter type="COMPLEXITY" missed="1" covered="0"/><counter type="METHOD" missed="1" covered="0"/></method><method name="lstAthletesItemStateChanged" desc="(Ljava/awt/event/ItemEvent;)V" line="151"><counter type="INSTRUCTION" missed="7" covered="0"/><counter type="LINE" missed="2" covered="0"/><counter type="COMPLEXITY" missed="1" covered="0"/><counter type="METHOD" missed="1" covered="0"/></method><method name="slctPaysSport" desc="()V" line="157"><counter type="INSTRUCTION" missed="22" covered="0"/><counter type="BRANCH" missed="4" covered="0"/><counter type="LINE" missed="3" covered="0"/><counter type="COMPLEXITY" missed="3" covered="0"/><counter type="METHOD" missed="1" covered="0"/></method><counter type="INSTRUCTION" missed="408" covered="0"/><counter type="BRANCH" missed="4" covered="0"/><counter type="LINE" missed="96" covered="0"/><counter type="COMPLEXITY" missed="11" covered="0"/><counter type="METHOD" missed="9" covered="0"/><counter type="CLASS" missed="1" covered="0"/></class><class name="vue/LstPaysObserver"><method name="&lt;init&gt;" desc="(Ljava/awt/List;)V" line="21"><counter type="INSTRUCTION" missed="0" covered="6"/><counter type="LINE" missed="0" covered="1"/><counter type="COMPLEXITY" missed="0" covered="1"/><counter type="METHOD" missed="0" covered="1"/></method><method name="update" desc="(Ljava/util/Observable;Ljava/lang/Object;)V" line="25"><counter type="INSTRUCTION" missed="20" covered="6"/><counter type="BRANCH" missed="3" covered="1"/><counter type="LINE" missed="1" covered="2"/><counter type="COMPLEXITY" missed="2" covered="1"/><counter type="METHOD" missed="0" covered="1"/></method><counter type="INSTRUCTION" missed="20" covered="12"/><counter type="BRANCH" missed="3" covered="1"/><counter type="LINE" missed="1" covered="3"/><counter type="COMPLEXITY" missed="2" covered="2"/><counter type="METHOD" missed="0" covered="2"/><counter type="CLASS" missed="0" covered="1"/></class><class name="vue/FrmMain$2"><method name="&lt;init&gt;" desc="(Lvue/FrmMain;)V" line="52"><counter type="INSTRUCTION" missed="6" covered="0"/><counter type="LINE" missed="1" covered="0"/><counter type="COMPLEXITY" missed="1" covered="0"/><counter type="METHOD" missed="1" covered="0"/></method><method name="itemStateChanged" desc="(Ljava/awt/event/ItemEvent;)V" line="54"><counter type="INSTRUCTION" missed="5" covered="0"/><counter type="LINE" missed="2" covered="0"/><counter type="COMPLEXITY" missed="1" covered="0"/><counter type="METHOD" missed="1" covered="0"/></method><counter type="INSTRUCTION" missed="11" covered="0"/><counter type="LINE" missed="3" covered="0"/><counter type="COMPLEXITY" missed="2" covered="0"/><counter type="METHOD" missed="2" covered="0"/><counter type="CLASS" missed="1" covered="0"/></class><class name="vue/LstSportsObserver"><method name="&lt;init&gt;" desc="(Ljava/awt/List;)V" line="21"><counter type="INSTRUCTION" missed="0" covered="6"/><counter type="LINE" missed="0" covered="1"/><counter type="COMPLEXITY" missed="0" covered="1"/><counter type="METHOD" missed="0" covered="1"/></method><method name="update" desc="(Ljava/util/Observable;Ljava/lang/Object;)V" line="25"><counter type="INSTRUCTION" missed="20" covered="6"/><counter type="BRANCH" missed="3" covered="1"/><counter type="LINE" missed="1" covered="2"/><counter type="COMPLEXITY" missed="2" covered="1"/><counter type="METHOD" missed="0" covered="1"/></method><counter type="INSTRUCTION" missed="20" covered="12"/><counter type="BRANCH" missed="3" covered="1"/><counter type="LINE" missed="1" covered="3"/><counter type="COMPLEXITY" missed="2" covered="2"/><counter type="METHOD" missed="0" covered="2"/><counter type="CLASS" missed="0" covered="1"/></class><class name="vue/DetailsAthletesObserver"><method name="&lt;init&gt;" desc="(Ljava/awt/TextField;Ljava/awt/TextField;Ljava/awt/TextField;Ljava/awt/TextField;Ljava/awt/TextField;)V" line="23"><counter type="INSTRUCTION" missed="18" covered="0"/><counter type="LINE" missed="1" covered="0"/><counter type="COMPLEXITY" missed="1" covered="0"/><counter type="METHOD" missed="1" covered="0"/></method><method name="update" desc="(Ljava/util/Observable;Ljava/lang/Object;)V" line="27"><counter type="INSTRUCTION" missed="60" covered="0"/><counter type="BRANCH" missed="2" covered="0"/><counter type="LINE" missed="14" covered="0"/><counter type="COMPLEXITY" missed="2" covered="0"/><counter type="METHOD" missed="1" covered="0"/></method><counter type="INSTRUCTION" missed="78" covered="0"/><counter type="BRANCH" missed="2" covered="0"/><counter type="LINE" missed="15" covered="0"/><counter type="COMPLEXITY" missed="3" covered="0"/><counter type="METHOD" missed="2" covered="0"/><counter type="CLASS" missed="1" covered="0"/></class><sourcefile name="LstSportsObserver.java"><line nr="21" mi="0" ci="6" mb="0" cb="0"/><line nr="25" mi="0" ci="5" mb="1" cb="1"/><line nr="27" mi="20" ci="0" mb="2" cb="0"/><line nr="29" mi="0" ci="1" mb="0" cb="0"/><counter type="INSTRUCTION" missed="20" covered="12"/><counter type="BRANCH" missed="3" covered="1"/><counter type="LINE" missed="1" covered="3"/><counter type="COMPLEXITY" missed="2" covered="2"/><counter type="METHOD" missed="0" covered="2"/><counter type="CLASS" missed="0" covered="1"/></sourcefile><sourcefile name="LstPaysObserver.java"><line nr="21" mi="0" ci="6" mb="0" cb="0"/><line nr="25" mi="0" ci="5" mb="1" cb="1"/><line nr="26" mi="20" ci="0" mb="2" cb="0"/><line nr="28" mi="0" ci="1" mb="0" cb="0"/><counter type="INSTRUCTION" missed="20" covered="12"/><counter type="BRANCH" missed="3" covered="1"/><counter type="LINE" missed="1" covered="3"/><counter type="COMPLEXITY" missed="2" covered="2"/><counter type="METHOD" missed="0" covered="2"/><counter type="CLASS" missed="0" covered="1"/></sourcefile><sourcefile name="FrmMain.java"><line nr="11" mi="5" ci="0" mb="0" cb="0"/><line nr="12" mi="5" ci="0" mb="0" cb="0"/><line nr="13" mi="5" ci="0" mb="0" cb="0"/><line nr="15" mi="2" ci="0" mb="0" cb="0"/><line nr="16" mi="2" ci="0" mb="0" cb="0"/><line nr="17" mi="2" ci="0" mb="0" cb="0"/><line nr="18" mi="3" ci="0" mb="0" cb="0"/><line nr="19" mi="3" ci="0" mb="0" cb="0"/><line nr="20" mi="1" ci="0" mb="0" cb="0"/><line nr="23" mi="8" ci="0" mb="0" cb="0"/><line nr="24" mi="8" ci="0" mb="0" cb="0"/><line nr="25" mi="8" ci="0" mb="0" cb="0"/><line nr="26" mi="16" ci="0" mb="0" cb="0"/><line nr="28" mi="1" ci="0" mb="0" cb="0"/><line nr="33" mi="5" ci="0" mb="0" cb="0"/><line nr="34" mi="5" ci="0" mb="0" cb="0"/><line nr="35" mi="5" ci="0" mb="0" cb="0"/><line nr="36" mi="5" ci="0" mb="0" cb="0"/><line nr="37" mi="5" ci="0" mb="0" cb="0"/><line nr="38" mi="5" ci="0" mb="0" cb="0"/><line nr="39" mi="5" ci="0" mb="0" cb="0"/><line nr="40" mi="5" ci="0" mb="0" cb="0"/><line nr="42" mi="3" ci="0" mb="0" cb="0"/><line nr="43" mi="12" ci="0" mb="0" cb="0"/><line nr="45" mi="4" ci="0" mb="0" cb="0"/><line nr="46" mi="1" ci="0" mb="0" cb="0"/><line nr="48" mi="4" ci="0" mb="0" cb="0"/><line nr="49" mi="1" ci="0" mb="0" cb="0"/><line nr="52" mi="13" ci="0" mb="0" cb="0"/><line nr="54" mi="4" ci="0" mb="0" cb="0"/><line nr="55" mi="1" ci="0" mb="0" cb="0"/><line nr="58" mi="4" ci="0" mb="0" cb="0"/><line nr="60" mi="4" ci="0" mb="0" cb="0"/><line nr="62" mi="4" ci="0" mb="0" cb="0"/><line nr="63" mi="4" ci="0" mb="0" cb="0"/><line nr="65" mi="4" ci="0" mb="0" cb="0"/><line nr="67" mi="13" ci="0" mb="0" cb="0"/><line nr="69" mi="4" ci="0" mb="0" cb="0"/><line nr="70" mi="1" ci="0" mb="0" cb="0"/><line nr="73" mi="4" ci="0" mb="0" cb="0"/><line nr="74" mi="13" ci="0" mb="0" cb="0"/><line nr="76" mi="4" ci="0" mb="0" cb="0"/><line nr="77" mi="1" ci="0" mb="0" cb="0"/><line nr="80" mi="4" ci="0" mb="0" cb="0"/><line nr="82" mi="5" ci="0" mb="0" cb="0"/><line nr="83" mi="3" ci="0" mb="0" cb="0"/><line nr="84" mi="4" ci="0" mb="0" cb="0"/><line nr="85" mi="2" ci="0" mb="0" cb="0"/><line nr="86" mi="4" ci="0" mb="0" cb="0"/><line nr="87" mi="5" ci="0" mb="0" cb="0"/><line nr="88" mi="6" ci="0" mb="0" cb="0"/><line nr="89" mi="6" ci="0" mb="0" cb="0"/><line nr="90" mi="4" ci="0" mb="0" cb="0"/><line nr="91" mi="4" ci="0" mb="0" cb="0"/><line nr="92" mi="7" ci="0" mb="0" cb="0"/><line nr="93" mi="6" ci="0" mb="0" cb="0"/><line nr="94" mi="6" ci="0" mb="0" cb="0"/><line nr="95" mi="6" ci="0" mb="0" cb="0"/><line nr="96" mi="6" ci="0" mb="0" cb="0"/><line nr="97" mi="1" ci="0" mb="0" cb="0"/><line nr="98" mi="2" ci="0" mb="0" cb="0"/><line nr="99" mi="6" ci="0" mb="0" cb="0"/><line nr="100" mi="4" ci="0" mb="0" cb="0"/><line nr="101" mi="6" ci="0" mb="0" cb="0"/><line nr="102" mi="1" ci="0" mb="0" cb="0"/><line nr="103" mi="1" ci="0" mb="0" cb="0"/><line nr="105" mi="4" ci="0" mb="0" cb="0"/><line nr="106" mi="3" ci="0" mb="0" cb="0"/><line nr="107" mi="2" ci="0" mb="0" cb="0"/><line nr="108" mi="4" ci="0" mb="0" cb="0"/><line nr="109" mi="9" ci="0" mb="0" cb="0"/><line nr="110" mi="6" ci="0" mb="0" cb="0"/><line nr="111" mi="1" ci="0" mb="0" cb="0"/><line nr="112" mi="5" ci="0" mb="0" cb="0"/><line nr="113" mi="6" ci="0" mb="0" cb="0"/><line nr="114" mi="6" ci="0" mb="0" cb="0"/><line nr="115" mi="2" ci="0" mb="0" cb="0"/><line nr="116" mi="6" ci="0" mb="0" cb="0"/><line nr="117" mi="2" ci="0" mb="0" cb="0"/><line nr="118" mi="6" ci="0" mb="0" cb="0"/><line nr="119" mi="2" ci="0" mb="0" cb="0"/><line nr="120" mi="6" ci="0" mb="0" cb="0"/><line nr="121" mi="2" ci="0" mb="0" cb="0"/><line nr="122" mi="6" ci="0" mb="0" cb="0"/><line nr="123" mi="1" ci="0" mb="0" cb="0"/><line nr="124" mi="3" ci="0" mb="0" cb="0"/><line nr="125" mi="6" ci="0" mb="0" cb="0"/><line nr="126" mi="1" ci="0" mb="0" cb="0"/><line nr="127" mi="1" ci="0" mb="0" cb="0"/><line nr="130" mi="2" ci="0" mb="0" cb="0"/><line nr="131" mi="1" ci="0" mb="0" cb="0"/><line nr="134" mi="2" ci="0" mb="0" cb="0"/><line nr="135" mi="1" ci="0" mb="0" cb="0"/><line nr="137" mi="2" ci="0" mb="0" cb="0"/><line nr="138" mi="1" ci="0" mb="0" cb="0"/><line nr="141" mi="6" ci="0" mb="0" cb="0"/><line nr="142" mi="2" ci="0" mb="0" cb="0"/><line nr="143" mi="1" ci="0" mb="0" cb="0"/><line nr="146" mi="6" ci="0" mb="0" cb="0"/><line nr="147" mi="2" ci="0" mb="0" cb="0"/><line nr="148" mi="1" ci="0" mb="0" cb="0"/><line nr="151" mi="6" ci="0" mb="0" cb="0"/><line nr="152" mi="1" ci="0" mb="0" cb="0"/><line nr="157" mi="10" ci="0" mb="4" cb="0"/><line nr="158" mi="11" ci="0" mb="0" cb="0"/><line nr="160" mi="1" ci="0" mb="0" cb="0"/><counter type="INSTRUCTION" missed="457" covered="0"/><counter type="BRANCH" missed="4" covered="0"/><counter type="LINE" missed="106" covered="0"/><counter type="COMPLEXITY" missed="20" covered="0"/><counter type="METHOD" missed="18" covered="0"/><counter type="CLASS" missed="5" covered="0"/></sourcefile><sourcefile name="DetailsAthletesObserver.java"><line nr="23" mi="18" ci="0" mb="0" cb="0"/><line nr="27" mi="5" ci="0" mb="2" cb="0"/><line nr="28" mi="5" ci="0" mb="0" cb="0"/><line nr="29" mi="6" ci="0" mb="0" cb="0"/><line nr="30" mi="5" ci="0" mb="0" cb="0"/><line nr="31" mi="5" ci="0" mb="0" cb="0"/><line nr="32" mi="6" ci="0" mb="0" cb="0"/><line nr="33" mi="6" ci="0" mb="0" cb="0"/><line nr="34" mi="1" ci="0" mb="0" cb="0"/><line nr="37" mi="4" ci="0" mb="0" cb="0"/><line nr="38" mi="4" ci="0" mb="0" cb="0"/><line nr="39" mi="4" ci="0" mb="0" cb="0"/><line nr="40" mi="4" ci="0" mb="0" cb="0"/><line nr="41" mi="4" ci="0" mb="0" cb="0"/><line nr="43" mi="1" ci="0" mb="0" cb="0"/><counter type="INSTRUCTION" missed="78" covered="0"/><counter type="BRANCH" missed="2" covered="0"/><counter type="LINE" missed="15" covered="0"/><counter type="COMPLEXITY" missed="3" covered="0"/><counter type="METHOD" missed="2" covered="0"/><counter type="CLASS" missed="1" covered="0"/></sourcefile><sourcefile name="LstAthletesObserver.java"><line nr="21" mi="0" ci="2" mb="0" cb="0"/><line nr="22" mi="0" ci="3" mb="0" cb="0"/><line nr="23" mi="0" ci="1" mb="0" cb="0"/><line nr="27" mi="0" ci="5" mb="1" cb="1"/><line nr="28" mi="3" ci="0" mb="0" cb="0"/><line nr="29" mi="10" ci="0" mb="2" cb="0"/><line nr="30" mi="8" ci="0" mb="0" cb="0"/><line nr="33" mi="0" ci="5" mb="1" cb="1"/><line nr="34" mi="3" ci="0" mb="0" cb="0"/><line nr="36" mi="0" ci="1" mb="0" cb="0"/><counter type="INSTRUCTION" missed="24" covered="17"/><counter type="BRANCH" missed="4" covered="2"/><counter type="LINE" missed="4" covered="6"/><counter type="COMPLEXITY" missed="3" covered="2"/><counter type="METHOD" missed="0" covered="2"/><counter type="CLASS" missed="0" covered="1"/></sourcefile><counter type="INSTRUCTION" missed="599" covered="41"/><counter type="BRANCH" missed="16" covered="4"/><counter type="LINE" missed="127" covered="12"/><counter type="COMPLEXITY" missed="30" covered="6"/><counter type="METHOD" missed="20" covered="6"/><counter type="CLASS" missed="6" covered="3"/></package><package name="metier"><class name="metier/ModelePays"><method name="&lt;init&gt;" desc="()V" line="21"><counter type="INSTRUCTION" missed="0" covered="15"/><counter type="LINE" missed="0" covered="3"/><counter type="COMPLEXITY" missed="0" covered="1"/><counter type="METHOD" missed="0" covered="1"/></method><method name="&lt;init&gt;" desc="(Ljava/util/Observer;)V" line="21"><counter type="INSTRUCTION" missed="0" covered="16"/><counter type="LINE" missed="0" covered="3"/><counter type="COMPLEXITY" missed="0" covered="1"/><counter type="METHOD" missed="0" covered="1"/></method><method name="loadData" desc="()V" line="28"><counter type="INSTRUCTION" missed="14" covered="0"/><counter type="LINE" missed="4" covered="0"/><counter type="COMPLEXITY" missed="1" covered="0"/><counter type="METHOD" missed="1" covered="0"/></method><method name="get" desc="()Ljava/lang/Object;" line="36"><counter type="INSTRUCTION" missed="0" covered="4"/><counter type="LINE" missed="0" covered="1"/><counter type="COMPLEXITY" missed="0" covered="1"/><counter type="METHOD" missed="0" covered="1"/></method><method name="get" desc="(I)Ljava/lang/Object;" line="41"><counter type="INSTRUCTION" missed="0" covered="5"/><counter type="LINE" missed="0" covered="1"/><counter type="COMPLEXITY" missed="0" covered="1"/><counter type="METHOD" missed="0" covered="1"/></method><counter type="INSTRUCTION" missed="14" covered="40"/><counter type="LINE" missed="4" covered="6"/><counter type="COMPLEXITY" missed="1" covered="4"/><counter type="METHOD" missed="1" covered="4"/><counter type="CLASS" missed="0" covered="1"/></class><class name="metier/ListeObjects"><method name="&lt;init&gt;" desc="()V" line="15"><counter type="INSTRUCTION" missed="0" covered="11"/><counter type="LINE" missed="0" covered="3"/><counter type="COMPLEXITY" missed="0" covered="1"/><counter type="METHOD" missed="0" covered="1"/></method><method name="&lt;init&gt;" desc="(Ljava/util/Observer;)V" line="15"><counter type="INSTRUCTION" missed="0" covered="16"/><counter type="BRANCH" missed="1" covered="1"/><counter type="LINE" missed="0" covered="3"/><counter type="COMPLEXITY" missed="1" covered="1"/><counter type="METHOD" missed="0" covered="1"/></method><method name="setList" desc="(Ljava/util/List;)V" line="23"><counter type="INSTRUCTION" missed="0" covered="4"/><counter type="LINE" missed="0" covered="1"/><counter type="COMPLEXITY" missed="0" covered="1"/><counter type="METHOD" missed="0" covered="1"/></method><method name="size" desc="()I" line="26"><counter type="INSTRUCTION" missed="0" covered="4"/><counter type="LINE" missed="0" covered="1"/><counter type="COMPLEXITY" missed="0" covered="1"/><counter type="METHOD" missed="0" covered="1"/></method><method name="getPos" desc="()I" line="29"><counter type="INSTRUCTION" missed="0" covered="3"/><counter type="LINE" missed="0" covered="1"/><counter type="COMPLEXITY" missed="0" covered="1"/><counter type="METHOD" missed="0" covered="1"/></method><method name="setPos" desc="(I)V" line="33"><counter type="INSTRUCTION" missed="0" covered="27"/><counter type="BRANCH" missed="2" covered="4"/><counter type="LINE" missed="0" covered="5"/><counter type="COMPLEXITY" missed="2" covered="2"/><counter type="METHOD" missed="0" covered="1"/></method><method name="get" desc="()Ljava/lang/Object;" line="42"><counter type="INSTRUCTION" missed="0" covered="17"/><counter type="BRANCH" missed="1" covered="3"/><counter type="LINE" missed="0" covered="2"/><counter type="COMPLEXITY" missed="1" covered="2"/><counter type="METHOD" missed="0" covered="1"/></method><method name="get" desc="(I)Ljava/lang/Object;" line="48"><counter type="INSTRUCTION" missed="0" covered="14"/><counter type="BRANCH" missed="1" covered="3"/><counter type="LINE" missed="0" covered="2"/><counter type="COMPLEXITY" missed="1" covered="2"/><counter type="METHOD" missed="0" covered="1"/></method><counter type="INSTRUCTION" missed="0" covered="96"/><counter type="BRANCH" missed="5" covered="11"/><counter type="LINE" missed="0" covered="16"/><counter type="COMPLEXITY" missed="5" covered="11"/><counter type="METHOD" missed="0" covered="8"/><counter type="CLASS" missed="0" covered="1"/></class><class name="metier/ModeleAthletes"><method name="&lt;init&gt;" desc="()V" line="24"><counter type="INSTRUCTION" missed="0" covered="15"/><counter type="LINE" missed="0" covered="3"/><counter type="COMPLEXITY" missed="0" covered="1"/><counter type="METHOD" missed="0" covered="1"/></method><method name="&lt;init&gt;" desc="(Ljava/util/Observer;)V" line="24"><counter type="INSTRUCTION" missed="0" covered="16"/><counter type="LINE" missed="0" covered="3"/><counter type="COMPLEXITY" missed="0" covered="1"/><counter type="METHOD" missed="0" covered="1"/></method><method name="loadData" desc="(Ldomaine/Pays;Ldomaine/Sport;)V" line="32"><counter type="INSTRUCTION" missed="17" covered="0"/><counter type="LINE" missed="3" covered="0"/><counter type="COMPLEXITY" missed="1" covered="0"/><counter type="METHOD" missed="1" covered="0"/></method><method name="get" desc="()Ljava/lang/Object;" line="37"><counter type="INSTRUCTION" missed="0" covered="4"/><counter type="LINE" missed="0" covered="1"/><counter type="COMPLEXITY" missed="0" covered="1"/><counter type="METHOD" missed="0" covered="1"/></method><method name="get" desc="(I)Ljava/lang/Object;" line="41"><counter type="INSTRUCTION" missed="0" covered="5"/><counter type="LINE" missed="0" covered="1"/><counter type="COMPLEXITY" missed="0" covered="1"/><counter type="METHOD" missed="0" covered="1"/></method><counter type="INSTRUCTION" missed="17" covered="40"/><counter type="LINE" missed="3" covered="6"/><counter type="COMPLEXITY" missed="1" covered="4"/><counter type="METHOD" missed="1" covered="4"/><counter type="CLASS" missed="0" covered="1"/></class><class name="metier/Action"><method name="&lt;init&gt;" desc="(I)V" line="8"><counter type="INSTRUCTION" missed="0" covered="9"/><counter type="LINE" missed="0" covered="2"/><counter type="COMPLEXITY" missed="0" covered="1"/><counter type="METHOD" missed="0" covered="1"/></method><method name="&lt;init&gt;" desc="(II)V" line="11"><counter type="INSTRUCTION" missed="0" covered="7"/><counter type="LINE" missed="0" covered="1"/><counter type="COMPLEXITY" missed="0" covered="1"/><counter type="METHOD" missed="0" covered="1"/></method><method name="getAction" desc="()I" line="13"><counter type="INSTRUCTION" missed="0" covered="3"/><counter type="LINE" missed="0" covered="1"/><counter type="COMPLEXITY" missed="0" covered="1"/><counter type="METHOD" missed="0" covered="1"/></method><method name="getPos" desc="()I" line="14"><counter type="INSTRUCTION" missed="3" covered="0"/><counter type="LINE" missed="1" covered="0"/><counter type="COMPLEXITY" missed="1" covered="0"/><counter type="METHOD" missed="1" covered="0"/></method><counter type="INSTRUCTION" missed="3" covered="19"/><counter type="LINE" missed="1" covered="4"/><counter type="COMPLEXITY" missed="1" covered="3"/><counter type="METHOD" missed="1" covered="3"/><counter type="CLASS" missed="0" covered="1"/></class><class name="metier/ModeleSports"><method name="&lt;init&gt;" desc="()V" line="20"><counter type="INSTRUCTION" missed="0" covered="15"/><counter type="LINE" missed="0" covered="3"/><counter type="COMPLEXITY" missed="0" covered="1"/><counter type="METHOD" missed="0" covered="1"/></method><method name="&lt;init&gt;" desc="(Ljava/util/Observer;)V" line="20"><counter type="INSTRUCTION" missed="0" covered="16"/><counter type="LINE" missed="0" covered="3"/><counter type="COMPLEXITY" missed="0" covered="1"/><counter type="METHOD" missed="0" covered="1"/></method><method name="loadData" desc="()V" line="27"><counter type="INSTRUCTION" missed="14" covered="0"/><counter type="LINE" missed="4" covered="0"/><counter type="COMPLEXITY" missed="1" covered="0"/><counter type="METHOD" missed="1" covered="0"/></method><method name="get" desc="()Ljava/lang/Object;" line="34"><counter type="INSTRUCTION" missed="0" covered="4"/><counter type="LINE" missed="0" covered="1"/><counter type="COMPLEXITY" missed="0" covered="1"/><counter type="METHOD" missed="0" covered="1"/></method><method name="get" desc="(I)Ljava/lang/Object;" line="39"><counter type="INSTRUCTION" missed="0" covered="5"/><counter type="LINE" missed="0" covered="1"/><counter type="COMPLEXITY" missed="0" covered="1"/><counter type="METHOD" missed="0" covered="1"/></method><counter type="INSTRUCTION" missed="14" covered="40"/><counter type="LINE" missed="4" covered="6"/><counter type="COMPLEXITY" missed="1" covered="4"/><counter type="METHOD" missed="1" covered="4"/><counter type="CLASS" missed="0" covered="1"/></class><sourcefile name="ModeleAthletes.java"><line nr="24" mi="0" ci="10" mb="0" cb="0"/><line nr="25" mi="0" ci="14" mb="0" cb="0"/><line nr="27" mi="0" ci="3" mb="0" cb="0"/><line nr="28" mi="0" ci="4" mb="0" cb="0"/><line nr="32" mi="7" ci="0" mb="0" cb="0"/><line nr="33" mi="9" ci="0" mb="0" cb="0"/><line nr="34" mi="1" ci="0" mb="0" cb="0"/><line nr="37" mi="0" ci="4" mb="0" cb="0"/><line nr="41" mi="0" ci="5" mb="0" cb="0"/><counter type="INSTRUCTION" missed="17" covered="40"/><counter type="LINE" missed="3" covered="6"/><counter type="COMPLEXITY" missed="1" covered="4"/><counter type="METHOD" missed="1" covered="4"/><counter type="CLASS" missed="0" covered="1"/></sourcefile><sourcefile name="ModelePays.java"><line nr="21" mi="0" ci="10" mb="0" cb="0"/><line nr="22" mi="0" ci="14" mb="0" cb="0"/><line nr="24" mi="0" ci="3" mb="0" cb="0"/><line nr="25" mi="0" ci="4" mb="0" cb="0"/><line nr="28" mi="5" ci="0" mb="0" cb="0"/><line nr="29" mi="2" ci="0" mb="0" cb="0"/><line nr="30" mi="6" ci="0" mb="0" cb="0"/><line nr="31" mi="1" ci="0" mb="0" cb="0"/><line nr="36" mi="0" ci="4" mb="0" cb="0"/><line nr="41" mi="0" ci="5" mb="0" cb="0"/><counter type="INSTRUCTION" missed="14" covered="40"/><counter type="LINE" missed="4" covered="6"/><counter type="COMPLEXITY" missed="1" covered="4"/><counter type="METHOD" missed="1" covered="4"/><counter type="CLASS" missed="0" covered="1"/></sourcefile><sourcefile name="Action.java"><line nr="8" mi="0" ci="3" mb="0" cb="0"/><line nr="10" mi="0" ci="6" mb="0" cb="0"/><line nr="11" mi="0" ci="7" mb="0" cb="0"/><line nr="13" mi="0" ci="3" mb="0" cb="0"/><line nr="14" mi="3" ci="0" mb="0" cb="0"/><counter type="INSTRUCTION" missed="3" covered="19"/><counter type="LINE" missed="1" covered="4"/><counter type="COMPLEXITY" missed="1" covered="3"/><counter type="METHOD" missed="1" covered="3"/><counter type="CLASS" missed="0" covered="1"/></sourcefile><sourcefile name="ListeObjects.java"><line nr="15" mi="0" ci="10" mb="0" cb="0"/><line nr="17" mi="0" ci="6" mb="0" cb="0"/><line nr="19" mi="0" ci="3" mb="0" cb="0"/><line nr="20" mi="0" ci="8" mb="1" cb="1"/><line nr="23" mi="0" ci="4" mb="0" cb="0"/><line nr="26" mi="0" ci="4" mb="0" cb="0"/><line nr="29" mi="0" ci="3" mb="0" cb="0"/><line nr="33" mi="0" ci="4" mb="1" cb="1"/><line nr="34" mi="0" ci="12" mb="1" cb="3"/><line nr="35" mi="0" ci="2" mb="0" cb="0"/><line nr="36" mi="0" ci="8" mb="0" cb="0"/><line nr="38" mi="0" ci="1" mb="0" cb="0"/><line nr="42" mi="0" ci="11" mb="1" cb="3"/><line nr="43" mi="0" ci="6" mb="0" cb="0"/><line nr="48" mi="0" ci="9" mb="1" cb="3"/><line nr="49" mi="0" ci="5" mb="0" cb="0"/><counter type="INSTRUCTION" missed="0" covered="96"/><counter type="BRANCH" missed="5" covered="11"/><counter type="LINE" missed="0" covered="16"/><counter type="COMPLEXITY" missed="5" covered="11"/><counter type="METHOD" missed="0" covered="8"/><counter type="CLASS" missed="0" covered="1"/></sourcefile><sourcefile name="ModeleSports.java"><line nr="20" mi="0" ci="10" mb="0" cb="0"/><line nr="21" mi="0" ci="14" mb="0" cb="0"/><line nr="23" mi="0" ci="3" mb="0" cb="0"/><line nr="24" mi="0" ci="4" mb="0" cb="0"/><line nr="27" mi="5" ci="0" mb="0" cb="0"/><line nr="28" mi="2" ci="0" mb="0" cb="0"/><line nr="29" mi="6" ci="0" mb="0" cb="0"/><line nr="30" mi="1" ci="0" mb="0" cb="0"/><line nr="34" mi="0" ci="4" mb="0" cb="0"/><line nr="39" mi="0" ci="5" mb="0" cb="0"/><counter type="INSTRUCTION" missed="14" covered="40"/><counter type="LINE" missed="4" covered="6"/><counter type="COMPLEXITY" missed="1" covered="4"/><counter type="METHOD" missed="1" covered="4"/><counter type="CLASS" missed="0" covered="1"/></sourcefile><counter type="INSTRUCTION" missed="48" covered="235"/><counter type="BRANCH" missed="5" covered="11"/><counter type="LINE" missed="12" covered="38"/><counter type="COMPLEXITY" missed="9" covered="26"/><counter type="METHOD" missed="4" covered="23"/><counter type="CLASS" missed="0" covered="5"/></package><counter type="INSTRUCTION" missed="794" covered="643"/><counter type="BRANCH" missed="27" covered="31"/><counter type="LINE" missed="172" covered="111"/><counter type="COMPLEXITY" missed="51" covered="81"/><counter type="METHOD" missed="33" covered="70"/><counter type="CLASS" missed="8" covered="17"/></report>