GROUP,PACKAGE,CLASS,INSTRUCTION_MISSED,INSTRUCTION_COVERED,BRANCH_MISSED,BRANCH_COVERED,LINE_MISSED,LINE_COVERED,COMPLEXITY_MISSED,COMPLEXITY_COVERED,METHOD_MISSED,METHOD_COVERED
monprojet,default,Main,4,0,0,0,2,0,2,0,2,0
monprojet,outils,Validation,21,0,0,0,5,0,3,0,3,0
monprojet,outils,FileStr,107,8,6,0,23,3,4,2,1,2
monprojet,dao,AthleteDao,0,69,0,6,0,9,0,5,0,2
monprojet,dao,FileReader,15,8,0,0,3,2,3,1,3,1
monprojet,dao,SportDao,0,45,0,2,0,7,0,3,0,2
monprojet,dao,PaysDao,0,45,0,2,0,7,0,3,0,2
monprojet,domaine,Pays,0,65,0,2,0,12,0,13,0,12
monprojet,domaine,Athlete,0,56,0,2,0,8,0,9,0,8
monprojet,domaine,Sport,0,40,0,2,0,7,0,8,0,7
monprojet,domaine,Contrat,0,31,0,0,0,6,0,5,0,5
monprojet,vue,LstAthletesObserver,24,17,4,2,4,6,3,2,0,2
monprojet,vue,FrmMain.new ItemListener() {...},11,0,0,0,3,0,2,0,2,0
monprojet,vue,FrmMain.new ItemListener() {...},11,0,0,0,3,0,2,0,2,0
monprojet,vue,FrmMain.new WindowAdapter() {...},16,0,0,0,5,0,3,0,3,0
monprojet,vue,FrmMain,408,0,4,0,96,0,11,0,9,0
monprojet,vue,LstPaysObserver,20,12,3,1,1,3,2,2,0,2
monprojet,vue,FrmMain.new ItemListener() {...},11,0,0,0,3,0,2,0,2,0
monprojet,vue,LstSportsObserver,20,12,3,1,1,3,2,2,0,2
monprojet,vue,DetailsAthletesObserver,78,0,2,0,15,0,3,0,2,0
monprojet,metier,ModelePays,14,40,0,0,4,6,1,4,1,4
monprojet,metier,ListeObjects,0,96,5,11,0,16,5,11,0,8
monprojet,metier,ModeleAthletes,17,40,0,0,3,6,1,4,1,4
monprojet,metier,Action,3,19,0,0,1,4,1,3,1,3
monprojet,metier,ModeleSports,14,40,0,0,4,6,1,4,1,4
